<?xml version="1.0" encoding="UTF-8"?>
<!-- Generated by org.testng.reporters.JUnitXMLReporter -->
<testsuite ignored="0" hostname="Simarpreet" failures="0" tests="4" name="Default test" time="45.693" errors="0" timestamp="2021-12-15T13:15:48 EST">
  <testcase classname="com.crm.qa.testcases.HomePageTest" name="verifyContactsPageTest" time="1.569"/>
  <testcase classname="com.crm.qa.testcases.HomePageTest" name="verifyHomePageTitleTest" time="0.011"/>
  <testcase classname="com.crm.qa.testcases.HomePageTest" name="verifyUserNameIsDisplayTest" time="1.613"/>
  <testcase classname="com.crm.qa.testcases.HomePageTest" name="userNameDisplayTest" time="0.847"/>
</testsuite> <!-- Default test -->
