<?xml version="1.0" encoding="UTF-8"?>
<!-- Generated by org.testng.reporters.JUnitXMLReporter -->
<testsuite ignored="0" hostname="Simarpreet" failures="0" tests="8" name="Free CRM App Test Cases" time="169.88" errors="0" timestamp="2021-12-15T17:02:58 EST">
  <testcase classname="com.crm.qa.testcases.LoginPageTest" name="loginPageTitleTest" time="0.028"/>
  <testcase classname="com.crm.qa.testcases.LoginPageTest" name="loginTest" time="2.603"/>
  <testcase classname="com.crm.qa.testcases.HomePageTest" name="verifyContactsPageTest" time="1.43"/>
  <testcase classname="com.crm.qa.testcases.HomePageTest" name="verifyHomePageTitleTest" time="0.012"/>
  <testcase classname="com.crm.qa.testcases.HomePageTest" name="verifyUserNameIsDisplayTest" time="1.599"/>
  <testcase classname="com.crm.qa.testcases.HomePageTest" name="userNameDisplayTest" time="0.909"/>
  <testcase classname="com.crm.qa.testcases.ContactsPageTest" name="verifyContactsLabelIsDisplayedTest" time="0.047"/>
  <testcase classname="com.crm.qa.testcases.ContactsPageTest" name="verifyContactsLabelTest" time="0.067"/>
</testsuite> <!-- Free CRM App Test Cases -->
